<?xml version="1.0" encoding="UTF-8"?>
<testsuite name="SpringApplicationTest" tests="1" skipped="0" failures="0" errors="0" timestamp="2021-01-29T10:09:44" hostname="6X1XM63-LIUFEIY" time="0.308">
  <properties/>
  <testcase name="test1()" classname="SpringApplicationTest" time="0.308"/>
  <system-out><![CDATA[喵~
汪~
]]></system-out>
  <system-err><![CDATA[]]></system-err>
</testsuite>
